Построение начато 24.07.2015 23:15:17.
     1>Проект "x:\C++\Projects\Life [SFML]\Life [SFML]\Life [SFML].vcxproj" в узле 2 (целевые объекты build).
     1>InitializeBuildStatus:
         Создание "Release\Life [SFML].unsuccessfulbuild", так как было задано "AlwaysCreate".
       ClCompile:
         X:\Program Files\Microsoft Visual Studio 10.0\VC\bin\CL.exe /c /I"X:\Program Files\Microsoft Visual Studio 10.0\VC\include\SFML" /Zi /nologo /W3 /WX- /O2 /Oi /Oy- /GL /D SFML_STATIC /D _MBCS /Gm- /EHsc /MD /GS /Gy /fp:precise /Zc:wchar_t /Zc:forScope /Fo"Release\\" /Fd"Release\vc100.pdb" /Gd /TP /analyze- /errorReport:prompt main.cpp
         main.cpp
     1>main.cpp(24): warning C4244: аргумент: преобразование "int" в "float", возможна потеря данных
     1>main.cpp(24): warning C4244: аргумент: преобразование "int" в "float", возможна потеря данных
     1>main.cpp(28): warning C4244: аргумент: преобразование "int" в "float", возможна потеря данных
     1>main.cpp(97): warning C4244: аргумент: преобразование "unsigned int" в "float", возможна потеря данных
     1>main.cpp(97): warning C4244: аргумент: преобразование "unsigned int" в "float", возможна потеря данных
       Link:
         X:\Program Files\Microsoft Visual Studio 10.0\VC\bin\link.exe /ERRORREPORT:PROMPT /OUT:"X:\C++\Projects\Life [SFML]\Release\Life [SFML].exe" /NOLOGO /LIBPATH:"X:\Program Files\Microsoft Visual Studio 10.0\VC\lib\SFML" "sfml-graphics-s.lib" "sfml-window-s.lib" "sfml-system-s.lib" "sfml-audio-s.lib" "sfml-graphics-s-d.lib" "sfml-window-s-d.lib" "sfml-system-s-d.lib" "sfml-audio-s-d.lib" kernel32.lib user32.lib gdi32.lib winspool.lib comdlg32.lib advapi32.lib shell32.lib ole32.lib oleaut32.lib uuid.lib odbc32.lib odbccp32.lib /MANIFEST /ManifestFile:"Release\Life [SFML].exe.intermediate.manifest" /MANIFESTUAC:"level='asInvoker' uiAccess='false'" /DEBUG /PDB:"X:\C++\Projects\Life [SFML]\Release\Life [SFML].pdb" /OPT:REF /OPT:ICF /LTCG /TLBID:1 /DYNAMICBASE /NXCOMPAT /IMPLIB:"X:\C++\Projects\Life [SFML]\Release\Life [SFML].lib" /MACHINE:X86 Release\LIFE.obj
         Release\main.obj
         Создание кода
         Создание кода завершено
         Life [SFML].vcxproj -> X:\C++\Projects\Life [SFML]\Release\Life [SFML].exe
       Manifest:
         C:\Program Files (x86)\Microsoft SDKs\Windows\v7.0A\bin\mt.exe /nologo /verbose /outputresource:"X:\C++\Projects\Life [SFML]\Release\Life [SFML].exe;#1" /manifest "Release\Life [SFML].exe.intermediate.manifest"
       FinalizeBuildStatus:
         Файл "Release\Life [SFML].unsuccessfulbuild" удаляется.
         Обращение к "Release\Life [SFML].lastbuildstate".
     1>Построение проекта "x:\C++\Projects\Life [SFML]\Life [SFML]\Life [SFML].vcxproj" завершено (целевые объекты build).

Построение успешно завершено.

Затраченное время: 00:00:01.66
