Построение начато 12.12.2013 22:22:59.
     1>Проект "X:\C++\Projects\Life [SFML]\Life [SFML]\Life [SFML].vcxproj" в узле 2 (целевые объекты build).
     1>InitializeBuildStatus:
         Создание "Debug\Life [SFML].unsuccessfulbuild", так как было задано "AlwaysCreate".
       ClCompile:
         X:\Program Files\Microsoft Visual Studio 10.0\VC\bin\CL.exe /c /I"X:\Program Files\Microsoft Visual Studio 10.0\SFML-2.1\include" /ZI /nologo /W3 /WX- /Od /Oy- /D SFML_STATIC /D _MBCS /Gm /EHsc /RTC1 /MDd /GS /fp:precise /Zc:wchar_t /Zc:forScope /Fo"Debug\\" /Fd"Debug\vc100.pdb" /Gd /TP /analyze- /errorReport:prompt LIFE.cpp main.cpp
         main.cpp
     1>x:\c++\projects\life [sfml]\life [sfml]\main.cpp(26): warning C4244: аргумент: преобразование "int" в "float", возможна потеря данных
     1>x:\c++\projects\life [sfml]\life [sfml]\main.cpp(26): warning C4244: аргумент: преобразование "int" в "float", возможна потеря данных
     1>x:\c++\projects\life [sfml]\life [sfml]\main.cpp(30): warning C4244: аргумент: преобразование "int" в "float", возможна потеря данных
     1>x:\c++\projects\life [sfml]\life [sfml]\main.cpp(88): warning C4244: аргумент: преобразование "unsigned int" в "float", возможна потеря данных
     1>x:\c++\projects\life [sfml]\life [sfml]\main.cpp(88): warning C4244: аргумент: преобразование "unsigned int" в "float", возможна потеря данных
         LIFE.cpp
     1>x:\c++\projects\life [sfml]\life [sfml]\life.cpp(77): warning C4244: аргумент: преобразование "time_t" в "unsigned int", возможна потеря данных
         Создание кода...
       Link:
         X:\Program Files\Microsoft Visual Studio 10.0\VC\bin\link.exe /ERRORREPORT:PROMPT /OUT:"X:\C++\Projects\Life [SFML]\Debug\Life [SFML].exe" /NOLOGO /LIBPATH:"X:\Program Files\Microsoft Visual Studio 10.0\SFML-2.1\lib" "sfml-graphics-s-d.lib" "sfml-window-s-d.lib" "sfml-system-s-d.lib" "sfml-audio-s-d.lib" kernel32.lib user32.lib gdi32.lib winspool.lib comdlg32.lib advapi32.lib shell32.lib ole32.lib oleaut32.lib uuid.lib odbc32.lib odbccp32.lib /MANIFEST /ManifestFile:"Debug\Life [SFML].exe.intermediate.manifest" /MANIFESTUAC:"level='asInvoker' uiAccess='false'" /DEBUG /PDB:"X:\C++\Projects\Life [SFML]\Debug\Life [SFML].pdb" /TLBID:1 /DYNAMICBASE /NXCOMPAT /IMPLIB:"X:\C++\Projects\Life [SFML]\Debug\Life [SFML].lib" /MACHINE:X86 Debug\LIFE.obj
         Debug\main.obj
         LINK : не найден или не выполнена сборка X:\C++\Projects\Life [SFML]\Debug\Life [SFML].exe при последней инкрементной компоновке; выполняется полная компоновка
     1>sfml-graphics-s-d.lib(Color.cpp.obj) : warning LNK4099: "sfml-graphics-s-d.pdb" PDB не найден с "sfml-graphics-s-d.lib(Color.cpp.obj)" или на "X:\C++\Projects\Life [SFML]\Debug\sfml-graphics-s-d.pdb"; компоновка объекта выполняется как при отсутствии отладочных данных
     1>sfml-graphics-s-d.lib(GLCheck.cpp.obj) : warning LNK4099: "sfml-graphics-s-d.pdb" PDB не найден с "sfml-graphics-s-d.lib(GLCheck.cpp.obj)" или на "X:\C++\Projects\Life [SFML]\Debug\sfml-graphics-s-d.pdb"; компоновка объекта выполняется как при отсутствии отладочных данных
     1>sfml-graphics-s-d.lib(Image.cpp.obj) : warning LNK4099: "sfml-graphics-s-d.pdb" PDB не найден с "sfml-graphics-s-d.lib(Image.cpp.obj)" или на "X:\C++\Projects\Life [SFML]\Debug\sfml-graphics-s-d.pdb"; компоновка объекта выполняется как при отсутствии отладочных данных
     1>sfml-graphics-s-d.lib(ImageLoader.cpp.obj) : warning LNK4099: "sfml-graphics-s-d.pdb" PDB не найден с "sfml-graphics-s-d.lib(ImageLoader.cpp.obj)" или на "X:\C++\Projects\Life [SFML]\Debug\sfml-graphics-s-d.pdb"; компоновка объекта выполняется как при отсутствии отладочных данных
     1>sfml-graphics-s-d.lib(RenderStates.cpp.obj) : warning LNK4099: "sfml-graphics-s-d.pdb" PDB не найден с "sfml-graphics-s-d.lib(RenderStates.cpp.obj)" или на "X:\C++\Projects\Life [SFML]\Debug\sfml-graphics-s-d.pdb"; компоновка объекта выполняется как при отсутствии отладочных данных
     1>sfml-graphics-s-d.lib(RenderTarget.cpp.obj) : warning LNK4099: "sfml-graphics-s-d.pdb" PDB не найден с "sfml-graphics-s-d.lib(RenderTarget.cpp.obj)" или на "X:\C++\Projects\Life [SFML]\Debug\sfml-graphics-s-d.pdb"; компоновка объекта выполняется как при отсутствии отладочных данных
     1>sfml-graphics-s-d.lib(RenderWindow.cpp.obj) : warning LNK4099: "sfml-graphics-s-d.pdb" PDB не найден с "sfml-graphics-s-d.lib(RenderWindow.cpp.obj)" или на "X:\C++\Projects\Life [SFML]\Debug\sfml-graphics-s-d.pdb"; компоновка объекта выполняется как при отсутствии отладочных данных
     1>sfml-graphics-s-d.lib(Shader.cpp.obj) : warning LNK4099: "sfml-graphics-s-d.pdb" PDB не найден с "sfml-graphics-s-d.lib(Shader.cpp.obj)" или на "X:\C++\Projects\Life [SFML]\Debug\sfml-graphics-s-d.pdb"; компоновка объекта выполняется как при отсутствии отладочных данных
     1>sfml-graphics-s-d.lib(Texture.cpp.obj) : warning LNK4099: "sfml-graphics-s-d.pdb" PDB не найден с "sfml-graphics-s-d.lib(Texture.cpp.obj)" или на "X:\C++\Projects\Life [SFML]\Debug\sfml-graphics-s-d.pdb"; компоновка объекта выполняется как при отсутствии отладочных данных
     1>sfml-graphics-s-d.lib(TextureSaver.cpp.obj) : warning LNK4099: "sfml-graphics-s-d.pdb" PDB не найден с "sfml-graphics-s-d.lib(TextureSaver.cpp.obj)" или на "X:\C++\Projects\Life [SFML]\Debug\sfml-graphics-s-d.pdb"; компоновка объекта выполняется как при отсутствии отладочных данных
     1>sfml-graphics-s-d.lib(Transform.cpp.obj) : warning LNK4099: "sfml-graphics-s-d.pdb" PDB не найден с "sfml-graphics-s-d.lib(Transform.cpp.obj)" или на "X:\C++\Projects\Life [SFML]\Debug\sfml-graphics-s-d.pdb"; компоновка объекта выполняется как при отсутствии отладочных данных
     1>sfml-graphics-s-d.lib(Transformable.cpp.obj) : warning LNK4099: "sfml-graphics-s-d.pdb" PDB не найден с "sfml-graphics-s-d.lib(Transformable.cpp.obj)" или на "X:\C++\Projects\Life [SFML]\Debug\sfml-graphics-s-d.pdb"; компоновка объекта выполняется как при отсутствии отладочных данных
     1>sfml-graphics-s-d.lib(View.cpp.obj) : warning LNK4099: "sfml-graphics-s-d.pdb" PDB не найден с "sfml-graphics-s-d.lib(View.cpp.obj)" или на "X:\C++\Projects\Life [SFML]\Debug\sfml-graphics-s-d.pdb"; компоновка объекта выполняется как при отсутствии отладочных данных
     1>sfml-graphics-s-d.lib(Vertex.cpp.obj) : warning LNK4099: "sfml-graphics-s-d.pdb" PDB не найден с "sfml-graphics-s-d.lib(Vertex.cpp.obj)" или на "X:\C++\Projects\Life [SFML]\Debug\sfml-graphics-s-d.pdb"; компоновка объекта выполняется как при отсутствии отладочных данных
     1>sfml-graphics-s-d.lib(Shape.cpp.obj) : warning LNK4099: "sfml-graphics-s-d.pdb" PDB не найден с "sfml-graphics-s-d.lib(Shape.cpp.obj)" или на "X:\C++\Projects\Life [SFML]\Debug\sfml-graphics-s-d.pdb"; компоновка объекта выполняется как при отсутствии отладочных данных
     1>sfml-graphics-s-d.lib(RectangleShape.cpp.obj) : warning LNK4099: "sfml-graphics-s-d.pdb" PDB не найден с "sfml-graphics-s-d.lib(RectangleShape.cpp.obj)" или на "X:\C++\Projects\Life [SFML]\Debug\sfml-graphics-s-d.pdb"; компоновка объекта выполняется как при отсутствии отладочных данных
     1>sfml-graphics-s-d.lib(VertexArray.cpp.obj) : warning LNK4099: "sfml-graphics-s-d.pdb" PDB не найден с "sfml-graphics-s-d.lib(VertexArray.cpp.obj)" или на "X:\C++\Projects\Life [SFML]\Debug\sfml-graphics-s-d.pdb"; компоновка объекта выполняется как при отсутствии отладочных данных
     1>sfml-window-s-d.lib(GlContext.cpp.obj) : warning LNK4099: "sfml-window-s-d.pdb" PDB не найден с "sfml-window-s-d.lib(GlContext.cpp.obj)" или на "X:\C++\Projects\Life [SFML]\Debug\sfml-window-s-d.pdb"; компоновка объекта выполняется как при отсутствии отладочных данных
     1>sfml-window-s-d.lib(GlResource.cpp.obj) : warning LNK4099: "sfml-window-s-d.pdb" PDB не найден с "sfml-window-s-d.lib(GlResource.cpp.obj)" или на "X:\C++\Projects\Life [SFML]\Debug\sfml-window-s-d.pdb"; компоновка объекта выполняется как при отсутствии отладочных данных
     1>sfml-window-s-d.lib(JoystickManager.cpp.obj) : warning LNK4099: "sfml-window-s-d.pdb" PDB не найден с "sfml-window-s-d.lib(JoystickManager.cpp.obj)" или на "X:\C++\Projects\Life [SFML]\Debug\sfml-window-s-d.pdb"; компоновка объекта выполняется как при отсутствии отладочных данных
     1>sfml-window-s-d.lib(VideoMode.cpp.obj) : warning LNK4099: "sfml-window-s-d.pdb" PDB не найден с "sfml-window-s-d.lib(VideoMode.cpp.obj)" или на "X:\C++\Projects\Life [SFML]\Debug\sfml-window-s-d.pdb"; компоновка объекта выполняется как при отсутствии отладочных данных
     1>sfml-window-s-d.lib(Window.cpp.obj) : warning LNK4099: "sfml-window-s-d.pdb" PDB не найден с "sfml-window-s-d.lib(Window.cpp.obj)" или на "X:\C++\Projects\Life [SFML]\Debug\sfml-window-s-d.pdb"; компоновка объекта выполняется как при отсутствии отладочных данных
     1>sfml-window-s-d.lib(WindowImpl.cpp.obj) : warning LNK4099: "sfml-window-s-d.pdb" PDB не найден с "sfml-window-s-d.lib(WindowImpl.cpp.obj)" или на "X:\C++\Projects\Life [SFML]\Debug\sfml-window-s-d.pdb"; компоновка объекта выполняется как при отсутствии отладочных данных
     1>sfml-window-s-d.lib(WglContext.cpp.obj) : warning LNK4099: "sfml-window-s-d.pdb" PDB не найден с "sfml-window-s-d.lib(WglContext.cpp.obj)" или на "X:\C++\Projects\Life [SFML]\Debug\sfml-window-s-d.pdb"; компоновка объекта выполняется как при отсутствии отладочных данных
     1>sfml-window-s-d.lib(JoystickImpl.cpp.obj) : warning LNK4099: "sfml-window-s-d.pdb" PDB не найден с "sfml-window-s-d.lib(JoystickImpl.cpp.obj)" или на "X:\C++\Projects\Life [SFML]\Debug\sfml-window-s-d.pdb"; компоновка объекта выполняется как при отсутствии отладочных данных
     1>sfml-window-s-d.lib(VideoModeImpl.cpp.obj) : warning LNK4099: "sfml-window-s-d.pdb" PDB не найден с "sfml-window-s-d.lib(VideoModeImpl.cpp.obj)" или на "X:\C++\Projects\Life [SFML]\Debug\sfml-window-s-d.pdb"; компоновка объекта выполняется как при отсутствии отладочных данных
     1>sfml-window-s-d.lib(WindowImplWin32.cpp.obj) : warning LNK4099: "sfml-window-s-d.pdb" PDB не найден с "sfml-window-s-d.lib(WindowImplWin32.cpp.obj)" или на "X:\C++\Projects\Life [SFML]\Debug\sfml-window-s-d.pdb"; компоновка объекта выполняется как при отсутствии отладочных данных
     1>sfml-system-s-d.lib(Clock.cpp.obj) : warning LNK4099: "sfml-system-s-d.pdb" PDB не найден с "sfml-system-s-d.lib(Clock.cpp.obj)" или на "X:\C++\Projects\Life [SFML]\Debug\sfml-system-s-d.pdb"; компоновка объекта выполняется как при отсутствии отладочных данных
     1>sfml-system-s-d.lib(Err.cpp.obj) : warning LNK4099: "sfml-system-s-d.pdb" PDB не найден с "sfml-system-s-d.lib(Err.cpp.obj)" или на "X:\C++\Projects\Life [SFML]\Debug\sfml-system-s-d.pdb"; компоновка объекта выполняется как при отсутствии отладочных данных
     1>sfml-system-s-d.lib(Lock.cpp.obj) : warning LNK4099: "sfml-system-s-d.pdb" PDB не найден с "sfml-system-s-d.lib(Lock.cpp.obj)" или на "X:\C++\Projects\Life [SFML]\Debug\sfml-system-s-d.pdb"; компоновка объекта выполняется как при отсутствии отладочных данных
     1>sfml-system-s-d.lib(Mutex.cpp.obj) : warning LNK4099: "sfml-system-s-d.pdb" PDB не найден с "sfml-system-s-d.lib(Mutex.cpp.obj)" или на "X:\C++\Projects\Life [SFML]\Debug\sfml-system-s-d.pdb"; компоновка объекта выполняется как при отсутствии отладочных данных
     1>sfml-system-s-d.lib(Sleep.cpp.obj) : warning LNK4099: "sfml-system-s-d.pdb" PDB не найден с "sfml-system-s-d.lib(Sleep.cpp.obj)" или на "X:\C++\Projects\Life [SFML]\Debug\sfml-system-s-d.pdb"; компоновка объекта выполняется как при отсутствии отладочных данных
     1>sfml-system-s-d.lib(String.cpp.obj) : warning LNK4099: "sfml-system-s-d.pdb" PDB не найден с "sfml-system-s-d.lib(String.cpp.obj)" или на "X:\C++\Projects\Life [SFML]\Debug\sfml-system-s-d.pdb"; компоновка объекта выполняется как при отсутствии отладочных данных
     1>sfml-system-s-d.lib(ThreadLocal.cpp.obj) : warning LNK4099: "sfml-system-s-d.pdb" PDB не найден с "sfml-system-s-d.lib(ThreadLocal.cpp.obj)" или на "X:\C++\Projects\Life [SFML]\Debug\sfml-system-s-d.pdb"; компоновка объекта выполняется как при отсутствии отладочных данных
     1>sfml-system-s-d.lib(Time.cpp.obj) : warning LNK4099: "sfml-system-s-d.pdb" PDB не найден с "sfml-system-s-d.lib(Time.cpp.obj)" или на "X:\C++\Projects\Life [SFML]\Debug\sfml-system-s-d.pdb"; компоновка объекта выполняется как при отсутствии отладочных данных
     1>sfml-system-s-d.lib(ClockImpl.cpp.obj) : warning LNK4099: "sfml-system-s-d.pdb" PDB не найден с "sfml-system-s-d.lib(ClockImpl.cpp.obj)" или на "X:\C++\Projects\Life [SFML]\Debug\sfml-system-s-d.pdb"; компоновка объекта выполняется как при отсутствии отладочных данных
     1>sfml-system-s-d.lib(MutexImpl.cpp.obj) : warning LNK4099: "sfml-system-s-d.pdb" PDB не найден с "sfml-system-s-d.lib(MutexImpl.cpp.obj)" или на "X:\C++\Projects\Life [SFML]\Debug\sfml-system-s-d.pdb"; компоновка объекта выполняется как при отсутствии отладочных данных
     1>sfml-system-s-d.lib(SleepImpl.cpp.obj) : warning LNK4099: "sfml-system-s-d.pdb" PDB не найден с "sfml-system-s-d.lib(SleepImpl.cpp.obj)" или на "X:\C++\Projects\Life [SFML]\Debug\sfml-system-s-d.pdb"; компоновка объекта выполняется как при отсутствии отладочных данных
     1>sfml-system-s-d.lib(ThreadLocalImpl.cpp.obj) : warning LNK4099: "sfml-system-s-d.pdb" PDB не найден с "sfml-system-s-d.lib(ThreadLocalImpl.cpp.obj)" или на "X:\C++\Projects\Life [SFML]\Debug\sfml-system-s-d.pdb"; компоновка объекта выполняется как при отсутствии отладочных данных
         Life [SFML].vcxproj -> X:\C++\Projects\Life [SFML]\Debug\Life [SFML].exe
       Manifest:
         C:\Program Files (x86)\Microsoft SDKs\Windows\v7.0A\bin\mt.exe /nologo /verbose /outputresource:"X:\C++\Projects\Life [SFML]\Debug\Life [SFML].exe;#1" /manifest "Debug\Life [SFML].exe.intermediate.manifest"
       FinalizeBuildStatus:
         Файл "Debug\Life [SFML].unsuccessfulbuild" удаляется.
         Обращение к "Debug\Life [SFML].lastbuildstate".
     1>Построение проекта "X:\C++\Projects\Life [SFML]\Life [SFML]\Life [SFML].vcxproj" завершено (целевые объекты build).

Построение успешно завершено.

Затраченное время: 00:00:04.96
